<?xml version="1.0" encoding="UTF-8"?>
<robot generator="Robot 7.2.2 (Python 3.13.1 on win32)" generated="2025-02-12T12:12:13.396120" rpa="false" schemaversion="5">
<suite id="s1" name="Login Test" source="C:\Robot_Web\tests\login_test.robot">
<test id="s1-t1" name="Login com Sucesso" line="8">
<kw name="Abrir Navegador" owner="keywords">
<kw name="Open Browser" owner="SeleniumLibrary">
<msg time="2025-02-12T12:12:13.644846" level="INFO">Opening browser 'chrome' to base url 'https://github.com/login'.</msg>
<arg>${url}</arg>
<arg>${browser}</arg>
<doc>Opens a new browser instance to the optional ``url``.</doc>
<status status="PASS" start="2025-02-12T12:12:13.644657" elapsed="1.815022"/>
</kw>
<kw name="Maximize Browser Window" owner="SeleniumLibrary">
<doc>Maximizes current browser window.</doc>
<status status="PASS" start="2025-02-12T12:12:15.459976" elapsed="0.030431"/>
</kw>
<arg>${URL}</arg>
<arg>${BROWSER}</arg>
<status status="PASS" start="2025-02-12T12:12:13.644073" elapsed="1.846517"/>
</kw>
<kw name="Fazer Login" owner="keywords">
<kw name="Input Text" owner="SeleniumLibrary">
<msg time="2025-02-12T12:12:15.491922" level="INFO">Typing text 'gagalac634@intady.com' into text field 'id=login_field'.</msg>
<arg>id=login_field</arg>
<arg>${usuario}</arg>
<doc>Types the given ``text`` into the text field identified by ``locator``.</doc>
<status status="PASS" start="2025-02-12T12:12:15.491509" elapsed="0.138702"/>
</kw>
<kw name="Input Text" owner="SeleniumLibrary">
<msg time="2025-02-12T12:12:15.632431" level="INFO">Typing text 'teste@132' into text field 'id=password'.</msg>
<arg>id=password</arg>
<arg>${senha}</arg>
<doc>Types the given ``text`` into the text field identified by ``locator``.</doc>
<status status="PASS" start="2025-02-12T12:12:15.631126" elapsed="0.089640"/>
</kw>
<kw name="Click Button" owner="SeleniumLibrary">
<msg time="2025-02-12T12:12:15.721431" level="INFO">Clicking button 'name=commit'.</msg>
<arg>name=commit</arg>
<doc>Clicks the button identified by ``locator``.</doc>
<status status="PASS" start="2025-02-12T12:12:15.721086" elapsed="0.801624"/>
</kw>
<arg>${USER}</arg>
<arg>${SENHA}</arg>
<status status="PASS" start="2025-02-12T12:12:15.491075" elapsed="1.032666"/>
</kw>
<kw name="Verificar Login Sucesso" owner="keywords">
<kw name="Wait Until Page Contains" owner="SeleniumLibrary">
<arg>Device Verification Code</arg>
<arg>timeout=10s</arg>
<doc>Waits until ``text`` appears on the current page.</doc>
<status status="PASS" start="2025-02-12T12:12:16.525029" elapsed="0.038701"/>
</kw>
<status status="PASS" start="2025-02-12T12:12:16.524663" elapsed="0.039767"/>
</kw>
<kw name="Fechar Navegador" owner="keywords">
<kw name="Close Browser" owner="SeleniumLibrary">
<doc>Closes the current browser.</doc>
<status status="PASS" start="2025-02-12T12:12:16.566158" elapsed="2.178865"/>
</kw>
<status status="PASS" start="2025-02-12T12:12:16.565826" elapsed="2.179460"/>
</kw>
<tag>login</tag>
<tag>positivo</tag>
<status status="PASS" start="2025-02-12T12:12:13.643359" elapsed="5.102449"/>
</test>
<test id="s1-t2" name="Login com Senha Incorreta" line="15">
<kw name="Abrir Navegador" owner="keywords">
<kw name="Open Browser" owner="SeleniumLibrary">
<msg time="2025-02-12T12:12:18.748691" level="INFO">Opening browser 'chrome' to base url 'https://github.com/login'.</msg>
<arg>${url}</arg>
<arg>${browser}</arg>
<doc>Opens a new browser instance to the optional ``url``.</doc>
<status status="PASS" start="2025-02-12T12:12:18.748447" elapsed="1.825530"/>
</kw>
<kw name="Maximize Browser Window" owner="SeleniumLibrary">
<doc>Maximizes current browser window.</doc>
<status status="PASS" start="2025-02-12T12:12:20.574227" elapsed="0.028162"/>
</kw>
<arg>${URL}</arg>
<arg>${BROWSER}</arg>
<status status="PASS" start="2025-02-12T12:12:18.747994" elapsed="1.854561"/>
</kw>
<kw name="Fazer Login" owner="keywords">
<kw name="Input Text" owner="SeleniumLibrary">
<msg time="2025-02-12T12:12:20.605859" level="INFO">Typing text 'gagalac634@intady.com' into text field 'id=login_field'.</msg>
<arg>id=login_field</arg>
<arg>${usuario}</arg>
<doc>Types the given ``text`` into the text field identified by ``locator``.</doc>
<status status="PASS" start="2025-02-12T12:12:20.604162" elapsed="0.157292"/>
</kw>
<kw name="Input Text" owner="SeleniumLibrary">
<msg time="2025-02-12T12:12:20.762371" level="INFO">Typing text 'senhaErrada' into text field 'id=password'.</msg>
<arg>id=password</arg>
<arg>${senha}</arg>
<doc>Types the given ``text`` into the text field identified by ``locator``.</doc>
<status status="PASS" start="2025-02-12T12:12:20.761794" elapsed="0.128305"/>
</kw>
<kw name="Click Button" owner="SeleniumLibrary">
<msg time="2025-02-12T12:12:20.890784" level="INFO">Clicking button 'name=commit'.</msg>
<arg>name=commit</arg>
<doc>Clicks the button identified by ``locator``.</doc>
<status status="PASS" start="2025-02-12T12:12:20.890410" elapsed="0.611911"/>
</kw>
<arg>${USER}</arg>
<arg>senhaErrada</arg>
<status status="PASS" start="2025-02-12T12:12:20.603443" elapsed="0.899020"/>
</kw>
<kw name="Verificar Mensagem Erro" owner="keywords">
<kw name="Wait Until Page Contains" owner="SeleniumLibrary">
<arg>Incorrect username or password.</arg>
<doc>Waits until ``text`` appears on the current page.</doc>
<status status="PASS" start="2025-02-12T12:12:21.503117" elapsed="0.014197"/>
</kw>
<status status="PASS" start="2025-02-12T12:12:21.502828" elapsed="0.014690"/>
</kw>
<kw name="Fechar Navegador" owner="keywords">
<kw name="Close Browser" owner="SeleniumLibrary">
<doc>Closes the current browser.</doc>
<status status="PASS" start="2025-02-12T12:12:21.519359" elapsed="2.151275"/>
</kw>
<status status="PASS" start="2025-02-12T12:12:21.518490" elapsed="2.152330"/>
</kw>
<tag>login</tag>
<tag>negativo</tag>
<status status="PASS" start="2025-02-12T12:12:18.747186" elapsed="4.924129"/>
</test>
<status status="PASS" start="2025-02-12T12:12:13.397393" elapsed="10.275407"/>
</suite>
<statistics>
<total>
<stat pass="2" fail="0" skip="0">All Tests</stat>
</total>
<tag>
<stat pass="2" fail="0" skip="0">login</stat>
<stat pass="1" fail="0" skip="0">negativo</stat>
<stat pass="1" fail="0" skip="0">positivo</stat>
</tag>
<suite>
<stat name="Login Test" id="s1" pass="2" fail="0" skip="0">Login Test</stat>
</suite>
</statistics>
<errors>
</errors>
</robot>
